%!Adobe-FontList 1.23
%Locale:0x409

%BeginFont
Handler:DirectoryHandler
FontType:Type1
FontName:MinionPro-Regular
FamilyName:Minion Pro
StyleName:Regular
FullName:Minion Pro
MenuName:Minion Pro
StyleBits:0
WritingScript:Roman
OutlineFileName:C:\Users\Ailyn\Desktop\AsmileP.github.io-main\AsmileP.github.io-main\grafikdaten\Lebenslauf Folder\Document fonts\MinionPro-Regular.otf
DataFormat:sfntData
UsesStandardEncoding:yes
isCFF:yes
hasSVG:no
hasCOLR:no
VariableFontType:NonVariableFont
FileLength:218640
FileModTime:1691395863
WeightClass:400
WidthClass:5
AngleClass:0
DesignSize:110
NameArray:0,Mac,4,Minion Pro
NameArray:0,Win,1,Minion Pro
%EndFont

%BeginFont
Handler:DirectoryHandler
FontType:TrueType
FontName:SegoeUISymbol
FamilyName:Segoe UI Symbol
StyleName:Regular
FullName:Segoe UI Symbol
MenuName:Segoe UI Symbol
StyleBits:0
WritingScript:Roman
OutlineFileName:C:\Users\Ailyn\Desktop\AsmileP.github.io-main\AsmileP.github.io-main\grafikdaten\Lebenslauf Folder\Document fonts\seguisym.ttf
DataFormat:sfntData
hasSVG:no
hasCOLR:no
VariableFontType:NonVariableFont
FileLength:2454728
FileModTime:1651897159
WeightClass:400
WidthClass:5
AngleClass:0
NameArray:0,Win,1,Segoe UI Symbol
%EndFont

